2025-08-22 23:26:00,670 - INFO - Starting batch analysis for 10 tickers
2025-08-22 23:26:00,673 - INFO - Analyzing AAPL (1/10)
2025-08-22 23:26:12,950 - INFO - Analyzing MSFT (2/10)
2025-08-22 23:26:25,141 - INFO - Analyzing GOOGL (3/10)
2025-08-22 23:26:37,281 - INFO - Analyzing AMZN (4/10)
2025-08-22 23:26:49,501 - INFO - Analyzing TSLA (5/10)
2025-08-22 23:27:01,727 - INFO - Analyzing NVDA (6/10)
2025-08-22 23:27:13,882 - INFO - Analyzing META (7/10)
2025-08-22 23:27:26,093 - INFO - Analyzing JPM (8/10)
2025-08-22 23:27:38,273 - INFO - Analyzing V (9/10)
2025-08-22 23:27:50,447 - INFO - Analyzing JNJ (10/10)
2025-08-22 23:27:50,662 - INFO - Batch analysis completed for 10 tickers
2025-08-22 23:33:11,055 - INFO - Starting batch analysis for 10 tickers
2025-08-22 23:33:11,057 - INFO - Analyzing AAPL (1/10)
2025-08-22 23:33:23,267 - INFO - Analyzing MSFT (2/10)
2025-08-22 23:33:35,446 - INFO - Analyzing GOOGL (3/10)
2025-08-22 23:33:47,678 - INFO - Analyzing AMZN (4/10)
2025-08-22 23:33:59,902 - INFO - Analyzing TSLA (5/10)
2025-08-22 23:34:12,113 - INFO - Analyzing NVDA (6/10)
2025-08-22 23:34:24,318 - INFO - Analyzing META (7/10)
2025-08-22 23:34:36,513 - INFO - Analyzing JPM (8/10)
2025-08-22 23:34:48,697 - INFO - Analyzing V (9/10)
2025-08-22 23:35:00,851 - INFO - Analyzing JNJ (10/10)
2025-08-22 23:35:01,027 - INFO - Batch analysis completed for 10 tickers
